CRITICAL - 2025-12-09 05:43:01 --> Class "Locale" not found
in SYSTEMPATH\CodeIgniter.php on line 195.
 1 ROOTPATH\spark(83): CodeIgniter\CodeIgniter->initialize()
CRITICAL - 2025-12-09 10:14:32 --> Undefined array key "date"
in APPPATH\Views\welcome_message.php on line 287.
 1 APPPATH\Views\welcome_message.php(287): CodeIgniter\Debug\Exceptions->errorHandler(2, 'Undefined array key "date"', 'C:\\xampp\\htdocs\\klnew\\app\\Views\\welcome_message.php', 287)
 2 SYSTEMPATH\View\View.php(224): include('C:\\xampp\\htdocs\\klnew\\app\\Views\\welcome_message.php')
 3 SYSTEMPATH\View\View.php(227): CodeIgniter\View\View->CodeIgniter\View\{closure}()
 4 SYSTEMPATH\Common.php(1176): CodeIgniter\View\View->render('welcome_message', [], true)
 5 APPPATH\Controllers\Home.php(98): view('welcome_message', [...])
 6 SYSTEMPATH\CodeIgniter.php(932): App\Controllers\Home->index()
 7 SYSTEMPATH\CodeIgniter.php(497): CodeIgniter\CodeIgniter->runController(Object(App\Controllers\Home))
 8 SYSTEMPATH\CodeIgniter.php(366): CodeIgniter\CodeIgniter->handleRequest(null, Object(Config\Cache), false)
 9 FCPATH\index.php(73): CodeIgniter\CodeIgniter->run()
10 SYSTEMPATH\Commands\Server\rewrite.php(47): require_once('C:\\xampp\\htdocs\\klnew\\public\\index.php')
CRITICAL - 2025-12-09 05:23:54 --> Result does not exist for specified id
in APPPATH\Models\ResultModel.php on line 206.
 1 APPPATH\Controllers\Chart.php(36): App\Models\ResultModel->findGByIdA('1')
 2 SYSTEMPATH\CodeIgniter.php(932): App\Controllers\Chart->index('1')
 3 SYSTEMPATH\CodeIgniter.php(497): CodeIgniter\CodeIgniter->runController(Object(App\Controllers\Chart))
 4 SYSTEMPATH\CodeIgniter.php(366): CodeIgniter\CodeIgniter->handleRequest(null, Object(Config\Cache), false)
 5 FCPATH\index.php(73): CodeIgniter\CodeIgniter->run()
 6 SYSTEMPATH\Commands\Server\rewrite.php(47): require_once('C:\\xampp\\htdocs\\klnew\\public\\index.php')
CRITICAL - 2025-12-09 05:23:59 --> Result does not exist for specified id
in APPPATH\Models\ResultModel.php on line 206.
 1 APPPATH\Controllers\Chart.php(36): App\Models\ResultModel->findGByIdA('1')
 2 SYSTEMPATH\CodeIgniter.php(932): App\Controllers\Chart->index('1')
 3 SYSTEMPATH\CodeIgniter.php(497): CodeIgniter\CodeIgniter->runController(Object(App\Controllers\Chart))
 4 SYSTEMPATH\CodeIgniter.php(366): CodeIgniter\CodeIgniter->handleRequest(null, Object(Config\Cache), false)
 5 FCPATH\index.php(73): CodeIgniter\CodeIgniter->run()
 6 SYSTEMPATH\Commands\Server\rewrite.php(47): require_once('C:\\xampp\\htdocs\\klnew\\public\\index.php')
CRITICAL - 2025-12-09 05:24:13 --> Result does not exist for specified id
in APPPATH\Models\ResultModel.php on line 206.
 1 APPPATH\Controllers\Chart.php(36): App\Models\ResultModel->findGByIdA('1')
 2 SYSTEMPATH\CodeIgniter.php(932): App\Controllers\Chart->index('1')
 3 SYSTEMPATH\CodeIgniter.php(497): CodeIgniter\CodeIgniter->runController(Object(App\Controllers\Chart))
 4 SYSTEMPATH\CodeIgniter.php(366): CodeIgniter\CodeIgniter->handleRequest(null, Object(Config\Cache), false)
 5 FCPATH\index.php(73): CodeIgniter\CodeIgniter->run()
 6 SYSTEMPATH\Commands\Server\rewrite.php(47): require_once('C:\\xampp\\htdocs\\klnew\\public\\index.php')
CRITICAL - 2025-12-09 05:24:17 --> Result does not exist for specified id
in APPPATH\Models\ResultModel.php on line 206.
 1 APPPATH\Controllers\Chart.php(36): App\Models\ResultModel->findGByIdA('1')
 2 SYSTEMPATH\CodeIgniter.php(932): App\Controllers\Chart->index('1')
 3 SYSTEMPATH\CodeIgniter.php(497): CodeIgniter\CodeIgniter->runController(Object(App\Controllers\Chart))
 4 SYSTEMPATH\CodeIgniter.php(366): CodeIgniter\CodeIgniter->handleRequest(null, Object(Config\Cache), false)
 5 FCPATH\index.php(73): CodeIgniter\CodeIgniter->run()
 6 SYSTEMPATH\Commands\Server\rewrite.php(47): require_once('C:\\xampp\\htdocs\\klnew\\public\\index.php')
CRITICAL - 2025-12-09 05:24:18 --> Result does not exist for specified id
in APPPATH\Models\ResultModel.php on line 206.
 1 APPPATH\Controllers\Chart.php(36): App\Models\ResultModel->findGByIdA('1')
 2 SYSTEMPATH\CodeIgniter.php(932): App\Controllers\Chart->index('1')
 3 SYSTEMPATH\CodeIgniter.php(497): CodeIgniter\CodeIgniter->runController(Object(App\Controllers\Chart))
 4 SYSTEMPATH\CodeIgniter.php(366): CodeIgniter\CodeIgniter->handleRequest(null, Object(Config\Cache), false)
 5 FCPATH\index.php(73): CodeIgniter\CodeIgniter->run()
 6 SYSTEMPATH\Commands\Server\rewrite.php(47): require_once('C:\\xampp\\htdocs\\klnew\\public\\index.php')
